/*C1*/SET SCHEMA SYSTEM_LOBS
INSERT INTO BLOCKS VALUES(0,2147483647,0)
COMMIT
/*C11*/SET SCHEMA PUBLIC
create table app_info (id bigint generated by default as identity (start with 1), app_token varchar(255) not null, consumer_key varchar(255) not null, consumer_secret varchar(255) not null, primary key (id))
create table cart_item (id bigint generated by default as identity (start with 1), quantity integer not null, item_fk bigint not null, shopping_cart_fk bigint not null, primary key (id))
create table company (id bigint generated by default as identity (start with 1), access_token varchar(255), access_token_secret varchar(255), connected_to_qbo boolean not null, customers_synced boolean not null, employees_synced boolean not null, name varchar(255), qbo_id varchar(255), request_token varchar(255), request_token_secret varchar(255), sales_item_synced boolean not null, primary key (id))
create table customer (id bigint generated by default as identity (start with 1), city varchar(255), country varchar(255), country_sub_division_code varchar(255), email_address varchar(255), first_name varchar(255), last_name varchar(255), line1 varchar(255), line2 varchar(255), phone_number varchar(255), postal_code varchar(255), qbo_id varchar(255), company_fk bigint not null, shopping_cart_id bigint, primary key (id))
create table sales_item (id bigint generated by default as identity (start with 1), description varchar(255), image_file varchar(255), name varchar(255), qbo_id varchar(255), qty_on_hand numeric(19,2), unit_price varchar(255), company_fk bigint not null, primary key (id))
create table shopping_cart (id bigint generated by default as identity (start with 1), customer_fk bigint not null, primary key (id))
create table system_property (key varchar(255) not null, value varchar(255) not null, primary key (key))
alter table company add constraint UK_gcpbsfl1xh81cjomooxbh0rsu  unique (qbo_id)
alter table customer add constraint UK_ec8ahb71t7tl6u99uuermcs1y  unique (qbo_id)
alter table sales_item add constraint UK_nudhwq682aclx55o1gd8n5e1i  unique (name)
alter table shopping_cart add constraint UK_6ifgvc7g4pdspi6dnufv7idkf  unique (customer_fk)
alter table cart_item add constraint FK_pyj71s84g5m2f370fd42gbect foreign key (item_fk) references sales_item
alter table cart_item add constraint FK_qat9xwktjnig0no10bb8ssbtn foreign key (shopping_cart_fk) references shopping_cart
alter table customer add constraint FK_j9w2nafl4hc2ctdgfy8j1s3i foreign key (company_fk) references company
alter table customer add constraint FK_efws5pw56ktuj8md2tp7cpo3p foreign key (shopping_cart_id) references shopping_cart
alter table sales_item add constraint FK_oo7kojka1gyc7bvvi3upxsa02 foreign key (company_fk) references company
alter table shopping_cart add constraint FK_6ifgvc7g4pdspi6dnufv7idkf foreign key (customer_fk) references customer
INSERT INTO APP_INFO VALUES(1,'12c39535badc6b4149b88d8beff5bb64aa75','qyprdsRlGX5ZlnKq03lWgHeSWyrmfl','Ij3fAwUmBYIr2PMU0uWYt0fCU390obyK0hKou06e')
COMMIT
INSERT INTO SYSTEM_PROPERTY VALUES('appToken','12c39535badc6b4149b88d8beff5bb64aa75')
COMMIT
INSERT INTO COMPANY VALUES(1,NULL,NULL,FALSE,FALSE,FALSE,'SBO eCommerce Account',NULL,NULL,NULL,FALSE)
COMMIT
INSERT INTO SALES_ITEM VALUES(1,'League style','IntuitWestBromAlbionJersey.jpg','Jersey',NULL,5.00,'USD 75.00',1)
COMMIT
INSERT INTO SALES_ITEM VALUES(2,'Tour de roads in style','IntuitBikeJersey.jpg','Men''s Bike Jersey',NULL,5.00,'USD 82.88',1)
COMMIT
INSERT INTO SALES_ITEM VALUES(3,'Silicon Valley poseur style','IntuitHoodie.jpg','Hoodie',NULL,5.00,'USD 24.50',1)
COMMIT
INSERT INTO SALES_ITEM VALUES(4,'Golf course style','IntuitBlackPolo.jpg','Classic Polo',NULL,5.00,'USD 24.50',1)
COMMIT
INSERT INTO CUSTOMER VALUES(1,'Middlefield','United States','CA','aashi.mittal@example.com','Aashi','Mittal','333 Easy Street',NULL,'555-555-5555','98756',NULL,1,NULL)
COMMIT
INSERT INTO SHOPPING_CART VALUES(1,1)
COMMIT
DELETE FROM CUSTOMER WHERE ID=1
INSERT INTO CUSTOMER VALUES(1,'Middlefield','United States','CA','aashi.mittal@example.com','Aashi','Mittal','333 Easy Street',NULL,'555-555-5555','98756',NULL,1,1)
COMMIT
INSERT INTO SYSTEM_PROPERTY VALUES('qboUiHostname','sandbox.qbo.intuit.com')
COMMIT
